\BOOKMARK [0][-]{chapter*.1}{Declaration}{}% 1
\BOOKMARK [0][-]{chapter*.2}{Abstract}{}% 2
\BOOKMARK [0][-]{chapter*.3}{Acknowledgements}{}% 3
\BOOKMARK [0][-]{chapter.1}{Introduction}{}% 4
\BOOKMARK [1][-]{section.1.1}{A Brief Background to the Study}{chapter.1}% 5
\BOOKMARK [1][-]{section.1.2}{Research Questions \046 Hypotheses}{chapter.1}% 6
\BOOKMARK [1][-]{section.1.3}{Significance of Study}{chapter.1}% 7
\BOOKMARK [1][-]{section.1.4}{Scope and Limitations}{chapter.1}% 8
\BOOKMARK [1][-]{section.1.5}{Other Applications of Proposed Investigation}{chapter.1}% 9
\BOOKMARK [2][-]{subsection.1.5.1}{Subsection}{section.1.5}% 10
\BOOKMARK [0][-]{chapter.2}{Literature Review}{}% 11
\BOOKMARK [1][-]{section.2.1}{Existing \046 Related Work}{chapter.2}% 12
\BOOKMARK [1][-]{section.2.2}{Notable Control Implementations}{chapter.2}% 13
\BOOKMARK [1][-]{section.2.3}{Pertinent Theories}{chapter.2}% 14
\BOOKMARK [0][-]{chapter.3}{Design}{}% 15
\BOOKMARK [0][-]{chapter.4}{Dynamics Effects \046 Kinematics}{}% 16
\BOOKMARK [0][-]{chapter.5}{Control \046 Simulations}{}% 17
\BOOKMARK [1][-]{section.5.1}{Attitude Control}{chapter.5}% 18
\BOOKMARK [1][-]{section.5.2}{Position Control}{chapter.5}% 19
\BOOKMARK [0][-]{appendix.A}{Standard Quadrotor Dynamics}{}% 20
